[debug] [2017-06-30T18:45:32.181Z] ----------------------------------------------------------------------
[debug] [2017-06-30T18:45:32.183Z] Command:      /usr/local/bin/node /usr/local/bin/firebase serve --project cs673team2
[debug] [2017-06-30T18:45:32.184Z] CLI Version:  3.9.1
[debug] [2017-06-30T18:45:32.184Z] Platform:     darwin
[debug] [2017-06-30T18:45:32.184Z] Node Version: v6.11.0
[debug] [2017-06-30T18:45:32.185Z] Time:         Fri Jun 30 2017 14:45:32 GMT-0400 (EDT)
[debug] [2017-06-30T18:45:32.185Z] ----------------------------------------------------------------------
[debug] 
[debug] [2017-06-30T18:45:32.199Z] > command requires scopes: ["email","openid","https://www.googleapis.com/auth/cloudplatformprojects.readonly","https://www.googleapis.com/auth/firebase","https://www.googleapis.com/auth/cloud-platform"]
[debug] [2017-06-30T18:45:32.199Z] > authorizing via signed-in user
[debug] [2017-06-30T18:45:32.201Z] > refreshing access token with scopes: ["email","https://www.googleapis.com/auth/cloud-platform","https://www.googleapis.com/auth/cloudplatformprojects.readonly","https://www.googleapis.com/auth/firebase","openid"]
[debug] [2017-06-30T18:45:32.202Z] >>> HTTP REQUEST POST https://www.googleapis.com/oauth2/v3/token { refresh_token: '1/gjfzZW-RY-nkzKxv4TrEqdsqN6w7T2sqmi0bvGZF9C7HrH9Wwv0l9iIqttXk7wJ6',
  client_id: '563584335869-fgrhgmd47bqnekij5i8b5pr03ho849e6.apps.googleusercontent.com',
  client_secret: 'j9iVZfS8kkCEFUPaAeJV0sAi',
  grant_type: 'refresh_token',
  scope: 'email https://www.googleapis.com/auth/cloud-platform https://www.googleapis.com/auth/cloudplatformprojects.readonly https://www.googleapis.com/auth/firebase openid' } 
 Fri Jun 30 2017 14:45:32 GMT-0400 (EDT)
[debug] [2017-06-30T18:45:32.435Z] <<< HTTP RESPONSE 200
[debug] [2017-06-30T18:45:32.451Z] >>> HTTP REQUEST GET https://admin.firebase.com/v1/projects/cs673team2  
 Fri Jun 30 2017 14:45:32 GMT-0400 (EDT)
[debug] [2017-06-30T18:45:33.531Z] <<< HTTP RESPONSE 200
[debug] [2017-06-30T18:45:33.532Z] >>> HTTP REQUEST GET https://admin.firebase.com/v1/database/cs673team2/tokens  
 Fri Jun 30 2017 14:45:33 GMT-0400 (EDT)
[debug] [2017-06-30T18:45:33.836Z] <<< HTTP RESPONSE 200
[info] 
[info] === Serving from '/Users/Chris/GitHub/METCS673_Team2/app'...
[info] 
[debug] [2017-06-30T18:45:33.839Z] >>> HTTP REQUEST GET https://cloudresourcemanager.googleapis.com/v1/projects/cs673team2  
 Fri Jun 30 2017 14:45:33 GMT-0400 (EDT)
[debug] [2017-06-30T18:45:34.249Z] <<< HTTP RESPONSE 200
[debug] [2017-06-30T18:45:34.250Z] >>> HTTP REQUEST GET https://mobilesdk-pa.googleapis.com/v1/projects/947879978889/clients/_:getWebAppConfig  
 Fri Jun 30 2017 14:45:34 GMT-0400 (EDT)
[debug] [2017-06-30T18:45:34.776Z] <<< HTTP RESPONSE 200
[info] i  hosting: Serving hosting files from: public
[info] ✔  hosting: Local server: http://localhost:5000

[info] Shutting down...
